<?xml version="1.0" encoding="UTF-8"?>
<!-- Generated by org.testng.reporters.JUnitXMLReporter -->
<testsuite hostname="Midhun-Nikit" ignored="0" name="Test" tests="1" failures="1" timestamp="30 May 2021 06:16:02 GMT" time="32.682" errors="0">
  <testcase name="runScenario" time="32.509" classname="cucumber.api.testng.AbstractTestNGCucumberTests">
    <failure type="java.lang.NullPointerException">
      <![CDATA[java.lang.NullPointerException
at stepdefinition.stepDetails.displaying_current_month_eb_bill_details(stepDetails.java:89)
at ✽.Displaying Current Month EB Bill details(./src/test/java/feature/TNEBbill.feature:10)
]]>
    </failure>
  </testcase> <!-- runScenario -->
</testsuite> <!-- Test -->
