<?xml version="1.0" encoding="UTF-8"?>
<!-- Generated by org.testng.reporters.JUnitReportReporter -->
<testsuite skipped="0" hostname="Midhun-Nikit" name="testrunner.testRunners" tests="1" failures="0" timestamp="30 May 2021 06:16:02 GMT" time="32.509" errors="1">
  <testcase name="runScenario" time="32.509" classname="testrunner.testRunners">
    <error type="java.lang.NullPointerException">
      <![CDATA[java.lang.NullPointerException
at stepdefinition.stepDetails.displaying_current_month_eb_bill_details(stepDetails.java:89)
at ✽.Displaying Current Month EB Bill details(./src/test/java/feature/TNEBbill.feature:10)
]]>
    </error>
  </testcase> <!-- runScenario -->
</testsuite> <!-- testrunner.testRunners -->
